<?xml version="1.0" encoding="UTF-8"?>
<!-- Generated by org.testng.reporters.JUnitReportReporter -->
<testsuite skipped="0" hostname="MUA4HNNWDH" name="com.hybridFramework.testcases.CreateDirectvAcctTest" tests="3" failures="0" timestamp="14 Apr 2018 22:38:57 GMT" time="349.195" errors="0">
  <testcase name="createacct" time="130.581" classname="com.hybridFramework.testcases.CreateDirectvAcctTest"/>
  <testcase name="createacct" time="100.068" classname="com.hybridFramework.testcases.CreateDirectvAcctTest"/>
  <testcase name="createacct" time="118.546" classname="com.hybridFramework.testcases.CreateDirectvAcctTest"/>
</testsuite> <!-- com.hybridFramework.testcases.CreateDirectvAcctTest -->
