<?xml version="1.0" encoding="UTF-8"?>
<!-- Generated by org.testng.reporters.JUnitReportReporter -->
<testsuite skipped="0" hostname="MUA4HNNWDH" name="com.hybridFramework.testcases.mhovermovieTest" tests="4" failures="0" timestamp="17 Apr 2018 18:44:36 GMT" time="341.626" errors="0">
  <testcase name="verifywtachlinkTitleTest" time="70.494" classname="com.hybridFramework.testcases.mhovermovieTest"/>
  <testcase name="tvshowsTest" time="96.986" classname="com.hybridFramework.testcases.mhovermovieTest"/>
  <testcase name="sportsTest" time="86.446" classname="com.hybridFramework.testcases.mhovermovieTest"/>
  <testcase name="forkidsTest" time="87.700" classname="com.hybridFramework.testcases.mhovermovieTest"/>
</testsuite> <!-- com.hybridFramework.testcases.mhovermovieTest -->
