<?xml version="1.0" encoding="UTF-8"?>
<!-- Generated by org.testng.reporters.JUnitReportReporter -->
<testsuite skipped="0" hostname="MUA4HNNWDH" name="com.hybridFramework.testcases.SportsTest" tests="2" failures="0" timestamp="17 Apr 2018 18:44:36 GMT" time="311.521" errors="0">
  <testcase name="verifytitle1" time="168.426" classname="com.hybridFramework.testcases.SportsTest"/>
  <testcase name="verifytitletext" time="143.095" classname="com.hybridFramework.testcases.SportsTest"/>
</testsuite> <!-- com.hybridFramework.testcases.SportsTest -->
