<?xml version="1.0" encoding="UTF-8"?>
<!-- Generated by org.testng.reporters.JUnitReportReporter -->
<testsuite skipped="0" hostname="MUA4HNNWDH" name="com.hybridFramework.testcases.Kidstest" tests="2" failures="0" timestamp="17 Apr 2018 18:44:36 GMT" time="256.842" errors="0">
  <testcase name="verifytitle" time="130.480" classname="com.hybridFramework.testcases.Kidstest"/>
  <testcase name="verifyKidsTitle" time="126.362" classname="com.hybridFramework.testcases.Kidstest"/>
</testsuite> <!-- com.hybridFramework.testcases.Kidstest -->
